[2026-02-07 20:14:06] [image-seo] Batch: 50, Offset: 0, Filter: all
[2026-02-07 20:14:06] [image-seo] Usage tracker: SEOAutoFix\ImageSEO\Image_Usage_Tracker
[2026-02-07 20:14:06] [image-seo] Calling analyzer->scan_all_images()...
[2026-02-07 20:14:06] [image-seo] ❌ Cache miss - calculating usage for ALL images...
[2026-02-07 20:14:06] [image-seo] Found 46 total images to process
[2026-02-07 20:14:06] [image-seo] USAGE TRACKER: Processing 46 images
[2026-02-07 20:14:06] [image-seo] First 5 IDs: 575, 576, 577, 578, 579
[2026-02-07 20:14:06] [image-seo] Building filename map...
[2026-02-07 20:14:06] [image-seo] Built filename map for 46 images
[2026-02-07 20:14:06] [image-seo] Initializing results array...
[2026-02-07 20:14:06] [image-seo] Results array initialized
[2026-02-07 20:14:06] [image-seo] About to run QUERY 1: Get all published posts...
[2026-02-07 20:14:06] [image-seo] QUERY 1 completed: 8 posts in 0.002s
[2026-02-07 20:14:06] [image-seo] About to run QUERY 2: Get featured images...
[2026-02-07 20:14:06] [image-seo] Filtered to 46 numeric IDs
[2026-02-07 20:14:06] [image-seo] Building Query 2 SQL...
[2026-02-07 20:14:06] [image-seo] IDs list length: 183 chars
[2026-02-07 20:14:06] [image-seo] Executing Query 2...
[2026-02-07 20:14:07] [image-seo] Query 2 completed: 1 featured images
[2026-02-07 20:14:07] [image-seo] Query 2 total time: 0.008s
[2026-02-07 20:14:07] [image-seo] About to check Elementor usage...
[2026-02-07 20:14:07] [image-seo] Checking 46 images against Elementor data...
[2026-02-07 20:14:07] [image-seo] Elementor check completed: 0 images found in Elementor posts in 0.168s
[2026-02-07 20:14:07] [image-seo] Processing featured images map...
[2026-02-07 20:14:07] [image-seo] Featured map built: 1 entries
[2026-02-07 20:14:07] [image-seo] Starting image matching loop...
[2026-02-07 20:14:07] [image-seo] Total posts to check: 8
[2026-02-07 20:14:07] [image-seo] Total images to match: 46
[2026-02-07 20:14:07] [image-seo] Matching complete! Processed 8 posts
[2026-02-07 20:14:07] [image-seo] Total matches found: 1
[2026-02-07 20:14:07] [image-seo] Matching elapsed: 0.003s
[2026-02-07 20:14:07] [image-seo] Preparing final results...
[2026-02-07 20:14:07] [image-seo] BATCH COMPLETE! Total time: 0.293s
[2026-02-07 20:14:07] [image-seo] Returning 46 results
[2026-02-07 20:14:07] [image-seo] ✅ Calculated and cached usage for ALL images in 0.31s
[2026-02-07 20:14:07] [image-seo] scan_all_images returned 46 results
